<?xml version="1.0" encoding="UTF-8"?>
<!-- Generated by org.testng.reporters.JUnitXMLReporter -->
<testsuite ignored="0" hostname="Abhishek" failures="1" tests="1" name="Default test" time="3.069" errors="0" timestamp="2026-02-04T19:50:26 IST">
  <testcase classname="io.cucumber.testng.AbstractTestNGCucumberTests" name="runScenario" time="0.087">
    <failure type="java.lang.NullPointerException" message="Cannot invoke &amp;quot;com.microsoft.playwright.Page.navigate(String)&amp;quot; because &amp;quot;this.page&amp;quot; is null">
      <![CDATA[java.lang.NullPointerException: Cannot invoke "com.microsoft.playwright.Page.navigate(String)" because "this.page" is null
at com.orangehrm.actions.ActionHelper.launch_url(ActionHelper.java:14)
at com.orangehrm.stepdefinitions.LaunchOrangeHRMSteps.the_user_navigates_to_the_orange_hrm_url(LaunchOrangeHRMSteps.java:16)
at ✽.the user navigates to the OrangeHRM URL(file:///C:/Users/AbhishekRangaswamy/Documents/DevOps/OrangeHRM-Playwright/src/test/resources/features/Login.feature:5)
]]>
    </failure>
  </testcase> <!-- runScenario -->
</testsuite> <!-- Default test -->
