<?xml version="1.0" encoding="UTF-8"?>
<testsuite xmlns:xsi="http://www.w3.org/2001/XMLSchema-instance" xsi:noNamespaceSchemaLocation="https://maven.apache.org/surefire/maven-surefire-plugin/xsd/surefire-test-report-3.0.xsd" version="3.0" name="TestSuite" time="34.899" tests="1" errors="0" skipped="0" failures="0">
  <properties>
[...]
</properties>
  <testcase name="runScenario[&quot;User launches the OrangeHRM login page&quot;, &quot;Login and logout to OrangeHRM application in the web&quot;](1)" classname="com.orangehrm.runners.TestRunner" time="31.063">
    <system-out><![CDATA[
Scenario: User launches the OrangeHRM login page    # src/test/resources/features/Login.feature:4
  Given the user navigates to the OrangeHRM URL     # com.orangehrm.stepdefinitions.LaunchOrangeHRMSteps.the_user_navigates_to_the_orange_hrm_url()
  Then the OrangeHRM login page should be displayed # com.orangehrm.stepdefinitions.LaunchOrangeHRMSteps.the_orange_hrm_login_page_should_be_displayed()
]]></system-out>
  </testcase>
</testsuite>