<?xml version="1.0" encoding="UTF-8"?>
<testng-results ignored="0" total="1" passed="1" failed="0" skipped="0">
  <reporter-output>
  </reporter-output>
  <suite started-at="2026-02-12T20:48:45 IST" name="Suite-OrangeHRM" finished-at="2026-02-12T20:49:07 IST" duration-ms="22446">
    <groups>
      <group name="cucumber">
        <method signature="AbstractTestNGCucumberTests.runScenario(io.cucumber.testng.PickleWrapper,io.cucumber.testng.FeatureWrapper)[pri:0, instance:com.orangehrm.runners.TestRunner@2f4948e4]" name="runScenario" class="io.cucumber.testng.AbstractTestNGCucumberTests"/>
      </group> <!-- cucumber -->
    </groups>
    <test started-at="2026-02-12T20:48:45 IST" name="Cucumber Tests" finished-at="2026-02-12T20:49:07 IST" duration-ms="22446">
      <class name="com.orangehrm.runners.TestRunner">
        <test-method is-config="true" signature="setUpClass(org.testng.ITestContext)[pri:0, instance:com.orangehrm.runners.TestRunner@2f4948e4]" started-at="2026-02-12T20:48:45 IST" name="setUpClass" finished-at="2026-02-12T20:48:46 IST" duration-ms="1280" status="PASS">
          <params>
            <param index="0">
              <value>
                <![CDATA[org.testng.TestRunner@6ca30b8a]]>
              </value>
            </param>
          </params>
          <reporter-output>
          </reporter-output>
        </test-method> <!-- setUpClass -->
        <test-method signature="runScenario(io.cucumber.testng.PickleWrapper,io.cucumber.testng.FeatureWrapper)[pri:0, instance:com.orangehrm.runners.TestRunner@2f4948e4]" started-at="2026-02-12T20:48:46 IST" name="runScenario" description="Runs Cucumber Scenarios" data-provider="scenarios" finished-at="2026-02-12T20:49:03 IST" duration-ms="16635" status="PASS">
          <params>
            <param index="0">
              <value>
                <![CDATA["User launches the OrangeHRM login page"]]>
              </value>
            </param>
            <param index="1">
              <value>
                <![CDATA["Login and logout to OrangeHRM application in the web"]]>
              </value>
            </param>
          </params>
          <reporter-output>
          </reporter-output>
        </test-method> <!-- runScenario -->
        <test-method is-config="true" signature="tearDownClass()[pri:0, instance:com.orangehrm.runners.TestRunner@2f4948e4]" started-at="2026-02-12T20:49:03 IST" name="tearDownClass" finished-at="2026-02-12T20:49:07 IST" duration-ms="4419" status="PASS">
          <reporter-output>
          </reporter-output>
        </test-method> <!-- tearDownClass -->
      </class> <!-- com.orangehrm.runners.TestRunner -->
    </test> <!-- Cucumber Tests -->
  </suite> <!-- Suite-OrangeHRM -->
</testng-results>
